[2020-03-19 16:05:16] local.ERROR: Symfony\Component\Console\Exception\CommandNotFoundException: Command "make:middleawera" is not defined.

Did you mean one of these?
    make:command
    make:controller
    make:event
    make:factory
    make:job
    make:listener
    make:mail
    make:middleware
    make:migration
    make:model
    make:policy
    make:provider
    make:resource
    make:seeder
    make:test in C:\xampps\htdocs\Madi\vendor\symfony\console\Application.php:669
Stack trace:
#0 C:\xampps\htdocs\Madi\vendor\symfony\console\Application.php(235): Symfony\Component\Console\Application->find('make:middleawer...')
#1 C:\xampps\htdocs\Madi\vendor\symfony\console\Application.php(147): Symfony\Component\Console\Application->doRun(Object(Symfony\Component\Console\Input\ArgvInput), Object(Symfony\Component\Console\Output\ConsoleOutput))
#2 C:\xampps\htdocs\Madi\vendor\illuminate\console\Application.php(93): Symfony\Component\Console\Application->run(Object(Symfony\Component\Console\Input\ArgvInput), Object(Symfony\Component\Console\Output\ConsoleOutput))
#3 C:\xampps\htdocs\Madi\vendor\laravel\lumen-framework\src\Console\Kernel.php(115): Illuminate\Console\Application->run(Object(Symfony\Component\Console\Input\ArgvInput), Object(Symfony\Component\Console\Output\ConsoleOutput))
#4 C:\xampps\htdocs\Madi\artisan(35): Laravel\Lumen\Console\Kernel->handle(Object(Symfony\Component\Console\Input\ArgvInput), Object(Symfony\Component\Console\Output\ConsoleOutput))
#5 {main} {"exception":"[object] (Symfony\\Component\\Console\\Exception\\CommandNotFoundException(code: 0): Command \"make:middleawera\" is not defined.

Did you mean one of these?
    make:command
    make:controller
    make:event
    make:factory
    make:job
    make:listener
    make:mail
    make:middleware
    make:migration
    make:model
    make:policy
    make:provider
    make:resource
    make:seeder
    make:test at C:\\xampps\\htdocs\\Madi\\vendor\\symfony\\console\\Application.php:669)
[stacktrace]
#0 C:\\xampps\\htdocs\\Madi\\vendor\\symfony\\console\\Application.php(235): Symfony\\Component\\Console\\Application->find('make:middleawer...')
#1 C:\\xampps\\htdocs\\Madi\\vendor\\symfony\\console\\Application.php(147): Symfony\\Component\\Console\\Application->doRun(Object(Symfony\\Component\\Console\\Input\\ArgvInput), Object(Symfony\\Component\\Console\\Output\\ConsoleOutput))
#2 C:\\xampps\\htdocs\\Madi\\vendor\\illuminate\\console\\Application.php(93): Symfony\\Component\\Console\\Application->run(Object(Symfony\\Component\\Console\\Input\\ArgvInput), Object(Symfony\\Component\\Console\\Output\\ConsoleOutput))
#3 C:\\xampps\\htdocs\\Madi\\vendor\\laravel\\lumen-framework\\src\\Console\\Kernel.php(115): Illuminate\\Console\\Application->run(Object(Symfony\\Component\\Console\\Input\\ArgvInput), Object(Symfony\\Component\\Console\\Output\\ConsoleOutput))
#4 C:\\xampps\\htdocs\\Madi\\artisan(35): Laravel\\Lumen\\Console\\Kernel->handle(Object(Symfony\\Component\\Console\\Input\\ArgvInput), Object(Symfony\\Component\\Console\\Output\\ConsoleOutput))
#5 {main}
"} 
[2020-03-19 16:05:53] local.ERROR: Symfony\Component\Console\Exception\CommandNotFoundException: Command "make:middleawera" is not defined.

Did you mean one of these?
    make:command
    make:controller
    make:event
    make:factory
    make:job
    make:listener
    make:mail
    make:middleware
    make:migration
    make:model
    make:policy
    make:provider
    make:resource
    make:seeder
    make:test in C:\xampps\htdocs\Madi\vendor\symfony\console\Application.php:669
Stack trace:
#0 C:\xampps\htdocs\Madi\vendor\symfony\console\Application.php(235): Symfony\Component\Console\Application->find('make:middleawer...')
#1 C:\xampps\htdocs\Madi\vendor\symfony\console\Application.php(147): Symfony\Component\Console\Application->doRun(Object(Symfony\Component\Console\Input\ArgvInput), Object(Symfony\Component\Console\Output\ConsoleOutput))
#2 C:\xampps\htdocs\Madi\vendor\illuminate\console\Application.php(93): Symfony\Component\Console\Application->run(Object(Symfony\Component\Console\Input\ArgvInput), Object(Symfony\Component\Console\Output\ConsoleOutput))
#3 C:\xampps\htdocs\Madi\vendor\laravel\lumen-framework\src\Console\Kernel.php(115): Illuminate\Console\Application->run(Object(Symfony\Component\Console\Input\ArgvInput), Object(Symfony\Component\Console\Output\ConsoleOutput))
#4 C:\xampps\htdocs\Madi\artisan(35): Laravel\Lumen\Console\Kernel->handle(Object(Symfony\Component\Console\Input\ArgvInput), Object(Symfony\Component\Console\Output\ConsoleOutput))
#5 {main} {"exception":"[object] (Symfony\\Component\\Console\\Exception\\CommandNotFoundException(code: 0): Command \"make:middleawera\" is not defined.

Did you mean one of these?
    make:command
    make:controller
    make:event
    make:factory
    make:job
    make:listener
    make:mail
    make:middleware
    make:migration
    make:model
    make:policy
    make:provider
    make:resource
    make:seeder
    make:test at C:\\xampps\\htdocs\\Madi\\vendor\\symfony\\console\\Application.php:669)
[stacktrace]
#0 C:\\xampps\\htdocs\\Madi\\vendor\\symfony\\console\\Application.php(235): Symfony\\Component\\Console\\Application->find('make:middleawer...')
#1 C:\\xampps\\htdocs\\Madi\\vendor\\symfony\\console\\Application.php(147): Symfony\\Component\\Console\\Application->doRun(Object(Symfony\\Component\\Console\\Input\\ArgvInput), Object(Symfony\\Component\\Console\\Output\\ConsoleOutput))
#2 C:\\xampps\\htdocs\\Madi\\vendor\\illuminate\\console\\Application.php(93): Symfony\\Component\\Console\\Application->run(Object(Symfony\\Component\\Console\\Input\\ArgvInput), Object(Symfony\\Component\\Console\\Output\\ConsoleOutput))
#3 C:\\xampps\\htdocs\\Madi\\vendor\\laravel\\lumen-framework\\src\\Console\\Kernel.php(115): Illuminate\\Console\\Application->run(Object(Symfony\\Component\\Console\\Input\\ArgvInput), Object(Symfony\\Component\\Console\\Output\\ConsoleOutput))
#4 C:\\xampps\\htdocs\\Madi\\artisan(35): Laravel\\Lumen\\Console\\Kernel->handle(Object(Symfony\\Component\\Console\\Input\\ArgvInput), Object(Symfony\\Component\\Console\\Output\\ConsoleOutput))
#5 {main}
"} 
[2020-03-19 16:06:16] local.ERROR: Symfony\Component\Console\Exception\CommandNotFoundException: Command "make:middleawere" is not defined.

Did you mean one of these?
    make:command
    make:controller
    make:event
    make:factory
    make:job
    make:listener
    make:mail
    make:middleware
    make:migration
    make:model
    make:policy
    make:provider
    make:resource
    make:seeder
    make:test in C:\xampps\htdocs\Madi\vendor\symfony\console\Application.php:669
Stack trace:
#0 C:\xampps\htdocs\Madi\vendor\symfony\console\Application.php(235): Symfony\Component\Console\Application->find('make:middleawer...')
#1 C:\xampps\htdocs\Madi\vendor\symfony\console\Application.php(147): Symfony\Component\Console\Application->doRun(Object(Symfony\Component\Console\Input\ArgvInput), Object(Symfony\Component\Console\Output\ConsoleOutput))
#2 C:\xampps\htdocs\Madi\vendor\illuminate\console\Application.php(93): Symfony\Component\Console\Application->run(Object(Symfony\Component\Console\Input\ArgvInput), Object(Symfony\Component\Console\Output\ConsoleOutput))
#3 C:\xampps\htdocs\Madi\vendor\laravel\lumen-framework\src\Console\Kernel.php(115): Illuminate\Console\Application->run(Object(Symfony\Component\Console\Input\ArgvInput), Object(Symfony\Component\Console\Output\ConsoleOutput))
#4 C:\xampps\htdocs\Madi\artisan(35): Laravel\Lumen\Console\Kernel->handle(Object(Symfony\Component\Console\Input\ArgvInput), Object(Symfony\Component\Console\Output\ConsoleOutput))
#5 {main} {"exception":"[object] (Symfony\\Component\\Console\\Exception\\CommandNotFoundException(code: 0): Command \"make:middleawere\" is not defined.

Did you mean one of these?
    make:command
    make:controller
    make:event
    make:factory
    make:job
    make:listener
    make:mail
    make:middleware
    make:migration
    make:model
    make:policy
    make:provider
    make:resource
    make:seeder
    make:test at C:\\xampps\\htdocs\\Madi\\vendor\\symfony\\console\\Application.php:669)
[stacktrace]
#0 C:\\xampps\\htdocs\\Madi\\vendor\\symfony\\console\\Application.php(235): Symfony\\Component\\Console\\Application->find('make:middleawer...')
#1 C:\\xampps\\htdocs\\Madi\\vendor\\symfony\\console\\Application.php(147): Symfony\\Component\\Console\\Application->doRun(Object(Symfony\\Component\\Console\\Input\\ArgvInput), Object(Symfony\\Component\\Console\\Output\\ConsoleOutput))
#2 C:\\xampps\\htdocs\\Madi\\vendor\\illuminate\\console\\Application.php(93): Symfony\\Component\\Console\\Application->run(Object(Symfony\\Component\\Console\\Input\\ArgvInput), Object(Symfony\\Component\\Console\\Output\\ConsoleOutput))
#3 C:\\xampps\\htdocs\\Madi\\vendor\\laravel\\lumen-framework\\src\\Console\\Kernel.php(115): Illuminate\\Console\\Application->run(Object(Symfony\\Component\\Console\\Input\\ArgvInput), Object(Symfony\\Component\\Console\\Output\\ConsoleOutput))
#4 C:\\xampps\\htdocs\\Madi\\artisan(35): Laravel\\Lumen\\Console\\Kernel->handle(Object(Symfony\\Component\\Console\\Input\\ArgvInput), Object(Symfony\\Component\\Console\\Output\\ConsoleOutput))
#5 {main}
"} 
